[10:28:28 PM] (ERROR) - (PATH:/account/delete | METHOD:POST)
System.ArgumentNullException: Value cannot be null. (Parameter 'user')
   at Microsoft.AspNetCore.Identity.UserManager`1.DeleteAsync(TUser user)
   at Library.Services.UserServiceFactory.DeleteUserAsync(User user) in C:\Users\BesoK\Desktop\Library\Library.Services\UserServiceFactory.cs:line 141
   at Library.WebApp.Controllers.AccountController.Delete(Guid id) in C:\Users\BesoK\Desktop\Library\Library.WebApp\Controllers\AccountController.cs:line 146
   at Microsoft.AspNetCore.Mvc.Infrastructure.ActionMethodExecutor.TaskOfIActionResultExecutor.Execute(IActionResultTypeMapper mapper, ObjectMethodExecutor executor, Object controller, Object[] arguments)
   at Microsoft.AspNetCore.Mvc.Infrastructure.ControllerActionInvoker.<InvokeActionMethodAsync>g__Logged|12_1(ControllerActionInvoker invoker)
   at Microsoft.AspNetCore.Mvc.Infrastructure.ControllerActionInvoker.<InvokeNextActionFilterAsync>g__Awaited|10_0(ControllerActionInvoker invoker, Task lastTask, State next, Scope scope, Object state, Boolean isCompleted)
[10:32:06 PM] (ERROR) - (PATH:/account/delete | METHOD:POST)
System.ArgumentNullException: Value cannot be null. (Parameter 'user')
   at Microsoft.AspNetCore.Identity.UserManager`1.DeleteAsync(TUser user)
   at Library.Services.UserServiceFactory.DeleteUserAsync(User user) in C:\Users\BesoK\Desktop\Library\Library.Services\UserServiceFactory.cs:line 141
   at Library.WebApp.Controllers.AccountController.Delete(Guid id) in C:\Users\BesoK\Desktop\Library\Library.WebApp\Controllers\AccountController.cs:line 146
   at Microsoft.AspNetCore.Mvc.Infrastructure.ActionMethodExecutor.TaskOfIActionResultExecutor.Execute(IActionResultTypeMapper mapper, ObjectMethodExecutor executor, Object controller, Object[] arguments)
   at Microsoft.AspNetCore.Mvc.Infrastructure.ControllerActionInvoker.<InvokeActionMethodAsync>g__Logged|12_1(ControllerActionInvoker invoker)
   at Microsoft.AspNetCore.Mvc.Infrastructure.ControllerActionInvoker.<InvokeNextActionFilterAsync>g__Awaited|10_0(ControllerActionInvoker invoker, Task lastTask, State next, Scope scope, Object state, Boolean isCompleted)
[11:44:01 PM] (ERROR) - (PATH:/account/all | METHOD:GET)
Microsoft.Data.SqlClient.SqlException (0x80131904): The number of rows provided for a FETCH clause must be greater then zero.
   at Microsoft.Data.SqlClient.SqlConnection.OnError(SqlException exception, Boolean breakConnection, Action`1 wrapCloseInAction)
   at Microsoft.Data.SqlClient.SqlInternalConnection.OnError(SqlException exception, Boolean breakConnection, Action`1 wrapCloseInAction)
   at Microsoft.Data.SqlClient.TdsParser.ThrowExceptionAndWarning(TdsParserStateObject stateObj, Boolean callerHasConnectionLock, Boolean asyncClose)
   at Microsoft.Data.SqlClient.TdsParser.TryRun(RunBehavior runBehavior, SqlCommand cmdHandler, SqlDataReader dataStream, BulkCopySimpleResultSet bulkCopyHandler, TdsParserStateObject stateObj, Boolean& dataReady)
   at Microsoft.Data.SqlClient.SqlDataReader.TryHasMoreRows(Boolean& moreRows)
   at Microsoft.Data.SqlClient.SqlDataReader.TryReadInternal(Boolean setTimeout, Boolean& more)
   at Microsoft.Data.SqlClient.SqlDataReader.Read()
   at Microsoft.EntityFrameworkCore.Storage.RelationalDataReader.Read()
   at Microsoft.EntityFrameworkCore.Query.Internal.SingleQueryingEnumerable`1.Enumerator.MoveNext()
   at System.Collections.Generic.List`1..ctor(IEnumerable`1 collection)
   at System.Linq.Enumerable.ToList[TSource](IEnumerable`1 source)
   at Library.Common.Collections.PagedList`1.CollectionPagination(IQueryable`1 data, Int32 pageNumber, Int32 pageSize) in C:\Users\BesoK\Desktop\Library\Library.Common\Collections\PagedList.cs:line 57
   at Library.Common.Collections.PagedList`1.CreatePagedListAsync(IQueryable`1 data, Int32 pageNumber, Int32 pageSize) in C:\Users\BesoK\Desktop\Library\Library.Common\Collections\PagedList.cs:line 44
   at Library.Data.Extensions.IQueryableExtensions.ToPagedListAsync[TObject](IQueryable`1 this, Int32 pageNumber, Int32 pageSize) in C:\Users\BesoK\Desktop\Library\Library.Data\Extensions\IQuaryableExtensions.cs:line 43
   at Library.WebApp.Controllers.AccountController.All(AccountFilter filter) in C:\Users\BesoK\Desktop\Library\Library.WebApp\Controllers\AccountController.cs:line 133
   at Microsoft.AspNetCore.Mvc.Infrastructure.ActionMethodExecutor.TaskOfIActionResultExecutor.Execute(IActionResultTypeMapper mapper, ObjectMethodExecutor executor, Object controller, Object[] arguments)
   at Microsoft.AspNetCore.Mvc.Infrastructure.ControllerActionInvoker.<InvokeActionMethodAsync>g__Logged|12_1(ControllerActionInvoker invoker)
   at Microsoft.AspNetCore.Mvc.Infrastructure.ControllerActionInvoker.<InvokeNextActionFilterAsync>g__Awaited|10_0(ControllerActionInvoker invoker, Task lastTask, State next, Scope scope, Object state, Boolean isCompleted)
ClientConnectionId:7b0cf4cd-5963-44d4-b9b5-dcac4b41c4c7
Error Number:10744,State:1,Class:15
[11:45:46 PM] (ERROR) - (PATH:/account/all | METHOD:GET)
Microsoft.Data.SqlClient.SqlException (0x80131904): The number of rows provided for a FETCH clause must be greater then zero.
   at Microsoft.Data.SqlClient.SqlConnection.OnError(SqlException exception, Boolean breakConnection, Action`1 wrapCloseInAction)
   at Microsoft.Data.SqlClient.SqlInternalConnection.OnError(SqlException exception, Boolean breakConnection, Action`1 wrapCloseInAction)
   at Microsoft.Data.SqlClient.TdsParser.ThrowExceptionAndWarning(TdsParserStateObject stateObj, Boolean callerHasConnectionLock, Boolean asyncClose)
   at Microsoft.Data.SqlClient.TdsParser.TryRun(RunBehavior runBehavior, SqlCommand cmdHandler, SqlDataReader dataStream, BulkCopySimpleResultSet bulkCopyHandler, TdsParserStateObject stateObj, Boolean& dataReady)
   at Microsoft.Data.SqlClient.SqlDataReader.TryHasMoreRows(Boolean& moreRows)
   at Microsoft.Data.SqlClient.SqlDataReader.TryReadInternal(Boolean setTimeout, Boolean& more)
   at Microsoft.Data.SqlClient.SqlDataReader.Read()
   at Microsoft.EntityFrameworkCore.Storage.RelationalDataReader.Read()
   at Microsoft.EntityFrameworkCore.Query.Internal.SingleQueryingEnumerable`1.Enumerator.MoveNext()
   at System.Collections.Generic.List`1..ctor(IEnumerable`1 collection)
   at System.Linq.Enumerable.ToList[TSource](IEnumerable`1 source)
   at Library.Common.Collections.PagedList`1.CollectionPagination(IQueryable`1 data, Int32 pageNumber, Int32 pageSize) in C:\Users\BesoK\Desktop\Library\Library.Common\Collections\PagedList.cs:line 57
   at Library.Common.Collections.PagedList`1.CreatePagedListAsync(IQueryable`1 data, Int32 pageNumber, Int32 pageSize) in C:\Users\BesoK\Desktop\Library\Library.Common\Collections\PagedList.cs:line 44
   at Library.Data.Extensions.IQueryableExtensions.ToPagedListAsync[TObject](IQueryable`1 this, Int32 pageNumber, Int32 pageSize)
   at Library.WebApp.Controllers.AccountController.All(AccountFilter filter) in C:\Users\BesoK\Desktop\Library\Library.WebApp\Controllers\AccountController.cs:line 133
   at Microsoft.AspNetCore.Mvc.Infrastructure.ActionMethodExecutor.TaskOfIActionResultExecutor.Execute(IActionResultTypeMapper mapper, ObjectMethodExecutor executor, Object controller, Object[] arguments)
   at Microsoft.AspNetCore.Mvc.Infrastructure.ControllerActionInvoker.<InvokeActionMethodAsync>g__Logged|12_1(ControllerActionInvoker invoker)
   at Microsoft.AspNetCore.Mvc.Infrastructure.ControllerActionInvoker.<InvokeNextActionFilterAsync>g__Awaited|10_0(ControllerActionInvoker invoker, Task lastTask, State next, Scope scope, Object state, Boolean isCompleted)
ClientConnectionId:7b0cf4cd-5963-44d4-b9b5-dcac4b41c4c7
Error Number:10744,State:1,Class:15
[11:46:23 PM] (ERROR) - (PATH:/account/all | METHOD:GET)
Microsoft.Data.SqlClient.SqlException (0x80131904): The number of rows provided for a FETCH clause must be greater then zero.
   at Microsoft.Data.SqlClient.SqlConnection.OnError(SqlException exception, Boolean breakConnection, Action`1 wrapCloseInAction)
   at Microsoft.Data.SqlClient.SqlInternalConnection.OnError(SqlException exception, Boolean breakConnection, Action`1 wrapCloseInAction)
   at Microsoft.Data.SqlClient.TdsParser.ThrowExceptionAndWarning(TdsParserStateObject stateObj, Boolean callerHasConnectionLock, Boolean asyncClose)
   at Microsoft.Data.SqlClient.TdsParser.TryRun(RunBehavior runBehavior, SqlCommand cmdHandler, SqlDataReader dataStream, BulkCopySimpleResultSet bulkCopyHandler, TdsParserStateObject stateObj, Boolean& dataReady)
   at Microsoft.Data.SqlClient.SqlDataReader.TryHasMoreRows(Boolean& moreRows)
   at Microsoft.Data.SqlClient.SqlDataReader.TryReadInternal(Boolean setTimeout, Boolean& more)
   at Microsoft.Data.SqlClient.SqlDataReader.Read()
   at Microsoft.EntityFrameworkCore.Storage.RelationalDataReader.Read()
   at Microsoft.EntityFrameworkCore.Query.Internal.SingleQueryingEnumerable`1.Enumerator.MoveNext()
   at System.Collections.Generic.List`1..ctor(IEnumerable`1 collection)
   at System.Linq.Enumerable.ToList[TSource](IEnumerable`1 source)
   at Library.Common.Collections.PagedList`1.CollectionPagination(IQueryable`1 data, Int32 pageNumber, Int32 pageSize) in C:\Users\BesoK\Desktop\Library\Library.Common\Collections\PagedList.cs:line 57
   at Library.Common.Collections.PagedList`1.CreatePagedListAsync(IQueryable`1 data, Int32 pageNumber, Int32 pageSize) in C:\Users\BesoK\Desktop\Library\Library.Common\Collections\PagedList.cs:line 44
   at Library.Data.Extensions.IQueryableExtensions.ToPagedListAsync[TObject](IQueryable`1 this, Int32 pageNumber, Int32 pageSize)
   at Library.WebApp.Controllers.AccountController.All(AccountFilter filter) in C:\Users\BesoK\Desktop\Library\Library.WebApp\Controllers\AccountController.cs:line 133
   at Microsoft.AspNetCore.Mvc.Infrastructure.ActionMethodExecutor.TaskOfIActionResultExecutor.Execute(IActionResultTypeMapper mapper, ObjectMethodExecutor executor, Object controller, Object[] arguments)
   at Microsoft.AspNetCore.Mvc.Infrastructure.ControllerActionInvoker.<InvokeActionMethodAsync>g__Logged|12_1(ControllerActionInvoker invoker)
   at Microsoft.AspNetCore.Mvc.Infrastructure.ControllerActionInvoker.<InvokeNextActionFilterAsync>g__Awaited|10_0(ControllerActionInvoker invoker, Task lastTask, State next, Scope scope, Object state, Boolean isCompleted)
ClientConnectionId:7b0cf4cd-5963-44d4-b9b5-dcac4b41c4c7
Error Number:10744,State:1,Class:15
