[12:26:06 AM] (ERROR) - (PATH:/accounts/register | METHOD:POST)
Microsoft.EntityFrameworkCore.DbUpdateException: An error occurred while updating the entries. See the inner exception for details.
 ---> Microsoft.Data.SqlClient.SqlException (0x80131904): Cannot insert duplicate key row in object 'dbo.AspNetUsers' with unique index 'UserNameIndex'. The duplicate key value is (BESYSFX@GMAIL.COM).
The statement has been terminated.
   at Microsoft.Data.SqlClient.SqlCommand.<>c.<ExecuteDbDataReaderAsync>b__169_0(Task`1 result)
   at System.Threading.Tasks.ContinuationResultTaskFromResultTask`2.InnerInvoke()
   at System.Threading.ExecutionContext.RunInternal(ExecutionContext executionContext, ContextCallback callback, Object state)
--- End of stack trace from previous location where exception was thrown ---
   at System.Threading.Tasks.Task.ExecuteWithThreadLocal(Task& currentTaskSlot, Thread threadPoolThread)
--- End of stack trace from previous location where exception was thrown ---
   at Microsoft.EntityFrameworkCore.Storage.RelationalCommand.ExecuteReaderAsync(RelationalCommandParameterObject parameterObject, CancellationToken cancellationToken)
   at Microsoft.EntityFrameworkCore.Storage.RelationalCommand.ExecuteReaderAsync(RelationalCommandParameterObject parameterObject, CancellationToken cancellationToken)
   at Microsoft.EntityFrameworkCore.Update.ReaderModificationCommandBatch.ExecuteAsync(IRelationalConnection connection, CancellationToken cancellationToken)
ClientConnectionId:29efd154-0a44-409a-afa9-6197c97f7db0
Error Number:2601,State:1,Class:14
   --- End of inner exception stack trace ---
   at Microsoft.EntityFrameworkCore.Update.ReaderModificationCommandBatch.ExecuteAsync(IRelationalConnection connection, CancellationToken cancellationToken)
   at Microsoft.EntityFrameworkCore.Update.Internal.BatchExecutor.ExecuteAsync(IEnumerable`1 commandBatches, IRelationalConnection connection, CancellationToken cancellationToken)
   at Microsoft.EntityFrameworkCore.Update.Internal.BatchExecutor.ExecuteAsync(IEnumerable`1 commandBatches, IRelationalConnection connection, CancellationToken cancellationToken)
   at Microsoft.EntityFrameworkCore.Update.Internal.BatchExecutor.ExecuteAsync(IEnumerable`1 commandBatches, IRelationalConnection connection, CancellationToken cancellationToken)
   at Microsoft.EntityFrameworkCore.ChangeTracking.Internal.StateManager.SaveChangesAsync(IList`1 entriesToSave, CancellationToken cancellationToken)
   at Microsoft.EntityFrameworkCore.ChangeTracking.Internal.StateManager.SaveChangesAsync(DbContext _, Boolean acceptAllChangesOnSuccess, CancellationToken cancellationToken)
   at Microsoft.EntityFrameworkCore.SqlServer.Storage.Internal.SqlServerExecutionStrategy.ExecuteAsync[TState,TResult](TState state, Func`4 operation, Func`4 verifySucceeded, CancellationToken cancellationToken)
   at Microsoft.EntityFrameworkCore.DbContext.SaveChangesAsync(Boolean acceptAllChangesOnSuccess, CancellationToken cancellationToken)
   at Microsoft.EntityFrameworkCore.DbContext.SaveChangesAsync(Boolean acceptAllChangesOnSuccess, CancellationToken cancellationToken)
   at Microsoft.AspNetCore.Identity.EntityFrameworkCore.UserStore`9.CreateAsync(TUser user, CancellationToken cancellationToken)
   at Microsoft.AspNetCore.Identity.UserManager`1.CreateAsync(TUser user)
   at Microsoft.AspNetCore.Identity.UserManager`1.CreateAsync(TUser user, String password)
   at Library.Services.UserServiceFactory.RegisterUserAsync(User newUser, String password, IEnumerable`1 roles) in C:\Users\BesoK\Desktop\Library\Library.Services\UserServiceFactory.cs:line 64
   at Library.WebApp.Controllers.AccountsController.Register(RegisterViewModel model) in C:\Users\BesoK\Desktop\Library\Library.WebApp\Controllers\AccountsController.cs:line 63
   at Microsoft.AspNetCore.Mvc.Infrastructure.ActionMethodExecutor.TaskOfIActionResultExecutor.Execute(IActionResultTypeMapper mapper, ObjectMethodExecutor executor, Object controller, Object[] arguments)
   at Microsoft.AspNetCore.Mvc.Infrastructure.ControllerActionInvoker.<InvokeActionMethodAsync>g__Awaited|12_0(ControllerActionInvoker invoker, ValueTask`1 actionResultValueTask)
   at Microsoft.AspNetCore.Mvc.Infrastructure.ControllerActionInvoker.<InvokeNextActionFilterAsync>g__Awaited|10_0(ControllerActionInvoker invoker, Task lastTask, State next, Scope scope, Object state, Boolean isCompleted)
[09:12:26 PM] (ERROR) - (PATH:/genres | METHOD:GET)
System.Exception: Invalid Ordering Query!
   at Library.Data.Extensions.IQueryableExtensions.OrderBy[TObject](IQueryable`1 this, IFilter filter) in C:\Users\BesoK\Desktop\Library\Library.Data\Extensions\IQuaryableExtensions.cs:line 25
   at Library.Data.Repositories.Abstractions.BaseRepository`1.SortBy(IQueryable`1 records, IFilter filter) in C:\Users\BesoK\Desktop\Library\Library.Data\Repositories\Abstractions\BaseRepository.cs:line 123
   at Library.Data.Repositories.Abstractions.BaseRepository`1.GetAll(IFilter filter) in C:\Users\BesoK\Desktop\Library\Library.Data\Repositories\Abstractions\BaseRepository.cs:line 51
   at Library.Data.Repositories.GenresRepository.GetAll(IFilter filter) in C:\Users\BesoK\Desktop\Library\Library.Data\Repositories\GenresRepository.cs:line 26
   at Library.Services.GenreServiceFactory.GetAllGenresAsync(IFilter filter) in C:\Users\BesoK\Desktop\Library\Library.Services\GenreServiceFactory.cs:line 127
   at Library.WebApp.Controllers.GenresController.IndexAsync(GenreFilter filter) in C:\Users\BesoK\Desktop\Library\Library.WebApp\Controllers\GenresController.cs:line 41
   at Microsoft.AspNetCore.Mvc.Infrastructure.ActionMethodExecutor.TaskOfIActionResultExecutor.Execute(IActionResultTypeMapper mapper, ObjectMethodExecutor executor, Object controller, Object[] arguments)
   at Microsoft.AspNetCore.Mvc.Infrastructure.ControllerActionInvoker.<InvokeActionMethodAsync>g__Logged|12_1(ControllerActionInvoker invoker)
   at Microsoft.AspNetCore.Mvc.Infrastructure.ControllerActionInvoker.<InvokeNextActionFilterAsync>g__Awaited|10_0(ControllerActionInvoker invoker, Task lastTask, State next, Scope scope, Object state, Boolean isCompleted)
[09:12:35 PM] (ERROR) - (PATH:/genres | METHOD:GET)
System.Exception: Invalid Ordering Query!
   at Library.Data.Extensions.IQueryableExtensions.OrderBy[TObject](IQueryable`1 this, IFilter filter) in C:\Users\BesoK\Desktop\Library\Library.Data\Extensions\IQuaryableExtensions.cs:line 25
   at Library.Data.Repositories.Abstractions.BaseRepository`1.SortBy(IQueryable`1 records, IFilter filter) in C:\Users\BesoK\Desktop\Library\Library.Data\Repositories\Abstractions\BaseRepository.cs:line 123
   at Library.Data.Repositories.Abstractions.BaseRepository`1.GetAll(IFilter filter) in C:\Users\BesoK\Desktop\Library\Library.Data\Repositories\Abstractions\BaseRepository.cs:line 51
   at Library.Data.Repositories.GenresRepository.GetAll(IFilter filter) in C:\Users\BesoK\Desktop\Library\Library.Data\Repositories\GenresRepository.cs:line 26
   at Library.Services.GenreServiceFactory.GetAllGenresAsync(IFilter filter) in C:\Users\BesoK\Desktop\Library\Library.Services\GenreServiceFactory.cs:line 127
   at Library.WebApp.Controllers.GenresController.IndexAsync(GenreFilter filter) in C:\Users\BesoK\Desktop\Library\Library.WebApp\Controllers\GenresController.cs:line 41
   at Microsoft.AspNetCore.Mvc.Infrastructure.ActionMethodExecutor.TaskOfIActionResultExecutor.Execute(IActionResultTypeMapper mapper, ObjectMethodExecutor executor, Object controller, Object[] arguments)
   at Microsoft.AspNetCore.Mvc.Infrastructure.ControllerActionInvoker.<InvokeActionMethodAsync>g__Logged|12_1(ControllerActionInvoker invoker)
   at Microsoft.AspNetCore.Mvc.Infrastructure.ControllerActionInvoker.<InvokeNextActionFilterAsync>g__Awaited|10_0(ControllerActionInvoker invoker, Task lastTask, State next, Scope scope, Object state, Boolean isCompleted)
[09:13:19 PM] (ERROR) - (PATH:/accounts | METHOD:GET)
System.Exception: Invalid Ordering Query!
   at Library.Data.Extensions.IQueryableExtensions.OrderBy[TObject](IQueryable`1 this, IFilter filter) in C:\Users\BesoK\Desktop\Library\Library.Data\Extensions\IQuaryableExtensions.cs:line 25
   at Library.Services.UserServiceFactory.GetAllUsersList(IFilter filter) in C:\Users\BesoK\Desktop\Library\Library.Services\UserServiceFactory.cs:line 135
   at Library.WebApp.Controllers.AccountsController.Index(AccountFilter filter) in C:\Users\BesoK\Desktop\Library\Library.WebApp\Controllers\AccountsController.cs:line 120
   at Microsoft.AspNetCore.Mvc.Infrastructure.ActionMethodExecutor.TaskOfIActionResultExecutor.Execute(IActionResultTypeMapper mapper, ObjectMethodExecutor executor, Object controller, Object[] arguments)
   at Microsoft.AspNetCore.Mvc.Infrastructure.ControllerActionInvoker.<InvokeActionMethodAsync>g__Awaited|12_0(ControllerActionInvoker invoker, ValueTask`1 actionResultValueTask)
   at Microsoft.AspNetCore.Mvc.Infrastructure.ControllerActionInvoker.<InvokeNextActionFilterAsync>g__Awaited|10_0(ControllerActionInvoker invoker, Task lastTask, State next, Scope scope, Object state, Boolean isCompleted)
