[01:56:00 PM] (ERROR) - (PATH:/authors | METHOD:GET)
System.Exception: Invalid Ordering Query!
   at Library.Data.Extensions.IQueryableExtensions.OrderBy[TObject](IQueryable`1 this, IFilter filter) in C:\Users\BesoK\Desktop\Library\Library.Data\Extensions\IQuaryableExtensions.cs:line 25
   at Library.Data.Repositories.Abstractions.BaseRepository`1.SortBy(IQueryable`1 records, IFilter filter) in C:\Users\BesoK\Desktop\Library\Library.Data\Repositories\Abstractions\BaseRepository.cs:line 130
   at Library.Data.Repositories.Abstractions.BaseRepository`1.GetAll(IFilter filter) in C:\Users\BesoK\Desktop\Library\Library.Data\Repositories\Abstractions\BaseRepository.cs:line 47
   at Library.Data.Repositories.AuthorsRepository.GetAll(IFilter filter) in C:\Users\BesoK\Desktop\Library\Library.Data\Repositories\AuthorsRepository.cs:line 26
   at Library.Services.AuthorServiceFactory.GetAllAuthorsAsync(IFilter filter) in C:\Users\BesoK\Desktop\Library\Library.Services\AuthorServiceFactory.cs:line 39
   at Library.WebApp.Controllers.AuthorsController.IndexAsync(AuthorFilter filter) in C:\Users\BesoK\Desktop\Library\Library.WebApp\Controllers\AuthorsController.cs:line 43
   at Microsoft.AspNetCore.Mvc.Infrastructure.ActionMethodExecutor.TaskOfIActionResultExecutor.Execute(IActionResultTypeMapper mapper, ObjectMethodExecutor executor, Object controller, Object[] arguments)
   at Microsoft.AspNetCore.Mvc.Infrastructure.ControllerActionInvoker.<InvokeActionMethodAsync>g__Logged|12_1(ControllerActionInvoker invoker)
   at Microsoft.AspNetCore.Mvc.Infrastructure.ControllerActionInvoker.<InvokeNextActionFilterAsync>g__Awaited|10_0(ControllerActionInvoker invoker, Task lastTask, State next, Scope scope, Object state, Boolean isCompleted)
[01:56:50 PM] (ERROR) - (PATH:/authors | METHOD:GET)
System.Exception: Invalid Ordering Query!
   at Library.Data.Extensions.IQueryableExtensions.OrderBy[TObject](IQueryable`1 this, IFilter filter) in C:\Users\BesoK\Desktop\Library\Library.Data\Extensions\IQuaryableExtensions.cs:line 25
   at Library.Data.Repositories.Abstractions.BaseRepository`1.SortBy(IQueryable`1 records, IFilter filter) in C:\Users\BesoK\Desktop\Library\Library.Data\Repositories\Abstractions\BaseRepository.cs:line 130
   at Library.Data.Repositories.Abstractions.BaseRepository`1.GetAll(IFilter filter) in C:\Users\BesoK\Desktop\Library\Library.Data\Repositories\Abstractions\BaseRepository.cs:line 47
   at Library.Data.Repositories.AuthorsRepository.GetAll(IFilter filter) in C:\Users\BesoK\Desktop\Library\Library.Data\Repositories\AuthorsRepository.cs:line 26
   at Library.Services.AuthorServiceFactory.GetAllAuthorsAsync(IFilter filter) in C:\Users\BesoK\Desktop\Library\Library.Services\AuthorServiceFactory.cs:line 39
   at Library.WebApp.Controllers.AuthorsController.IndexAsync(AuthorFilter filter) in C:\Users\BesoK\Desktop\Library\Library.WebApp\Controllers\AuthorsController.cs:line 43
   at Microsoft.AspNetCore.Mvc.Infrastructure.ActionMethodExecutor.TaskOfIActionResultExecutor.Execute(IActionResultTypeMapper mapper, ObjectMethodExecutor executor, Object controller, Object[] arguments)
   at Microsoft.AspNetCore.Mvc.Infrastructure.ControllerActionInvoker.<InvokeActionMethodAsync>g__Logged|12_1(ControllerActionInvoker invoker)
   at Microsoft.AspNetCore.Mvc.Infrastructure.ControllerActionInvoker.<InvokeNextActionFilterAsync>g__Awaited|10_0(ControllerActionInvoker invoker, Task lastTask, State next, Scope scope, Object state, Boolean isCompleted)
